<?xml version="1.0" encoding="UTF-8"?>
<!-- Generated by org.testng.reporters.JUnitXMLReporter -->
<testsuite ignored="0" hostname="DESKTOP-QMUHUF1" failures="2" tests="11" name="firefoxTest" time="89.268" errors="0" timestamp="2025-08-04T05:55:04 IST">
  <testcase classname="testCases.UserPageTest" name="verifySuccessMessageAfterDeletion" time="1.711">
    <skipped/>
  </testcase> <!-- verifySuccessMessageAfterDeletion -->
  <testcase classname="testCases.UserPageTest" name="verifySuccessMessageAfterUpdation" time="6.698">
    <skipped/>
  </testcase> <!-- verifySuccessMessageAfterUpdation -->
  <testcase classname="testCases.UserPageTest" name="verifySuccessMessageAfterDeletion" time="9.221">
    <skipped/>
  </testcase> <!-- verifySuccessMessageAfterDeletion -->
  <testcase classname="testCases.UserPageTest" name="verifySuccessMessageAfterUpdation" time="6.557">
    <skipped/>
  </testcase> <!-- verifySuccessMessageAfterUpdation -->
  <testcase classname="testCases.UserPageTest" name="verifySuccessMessageAfterUpdation" time="0.885">
    <skipped/>
  </testcase> <!-- verifySuccessMessageAfterUpdation -->
  <testcase classname="testCases.UserPageTest" name="verifySuccessMessageAfterDeletion" time="5.896">
    <skipped/>
  </testcase> <!-- verifySuccessMessageAfterDeletion -->
  <testcase classname="testCases.UserPageTest" name="verifySuccessMessageAfterDeletion" time="0.563">
    <failure type="org.openqa.selenium.StaleElementReferenceException" message="The element with the reference 84a8dd17-014e-4f58-abc7-69548b4ae75b is stale; either its node document is not the active document, or it is no longer connected to the DOM
For documentation on this error, please visit: https://www.selenium.dev/documentation/webdriver/troubleshooting/errors#stale-element-reference-exception
Build info: version: &amp;apos;4.33.0&amp;apos;, revision: &amp;apos;2c6aaad03a&amp;apos;
System info: os.name: &amp;apos;Windows 11&amp;apos;, os.arch: &amp;apos;amd64&amp;apos;, os.version: &amp;apos;10.0&amp;apos;, java.version: &amp;apos;21.0.6&amp;apos;
Driver info: org.openqa.selenium.firefox.FirefoxDriver
Command: [0cb1d9f0-c29a-4884-be78-784d7279e52e, clickElement {id=84a8dd17-014e-4f58-abc7-69548b4ae75b}]
Capabilities {acceptInsecureCerts: true, browserName: firefox, browserVersion: 141.0, moz:accessibilityChecks: false, moz:buildID: 20250717180000, moz:geckodriverVersion: 0.36.0, moz:headless: false, moz:platformVersion: 10.0, moz:processID: 31084, moz:profile: C:\Users\RINTYK~1\AppData\L..., moz:shutdownTimeout: 60000, moz:webdriverClick: true, moz:windowless: false, pageLoadStrategy: normal, platformName: windows, proxy: Proxy(), setWindowRect: true, strictFileInteractability: false, timeouts: {implicit: 0, pageLoad: 300000, script: 30000}, unhandledPromptBehavior: dismiss and notify, userAgent: Mozilla/5.0 (Windows NT 10....}
Element: [[FirefoxDriver: firefox on windows (0cb1d9f0-c29a-4884-be78-784d7279e52e)] -&amp;gt; xpath: //button[text()=&amp;apos;Sign In&amp;apos;]]
Session ID: 0cb1d9f0-c29a-4884-be78-784d7279e52e">
      <![CDATA[org.openqa.selenium.StaleElementReferenceException: The element with the reference 84a8dd17-014e-4f58-abc7-69548b4ae75b is stale; either its node document is not the active document, or it is no longer connected to the DOM
For documentation on this error, please visit: https://www.selenium.dev/documentation/webdriver/troubleshooting/errors#stale-element-reference-exception
Build info: version: '4.33.0', revision: '2c6aaad03a'
System info: os.name: 'Windows 11', os.arch: 'amd64', os.version: '10.0', java.version: '21.0.6'
Driver info: org.openqa.selenium.firefox.FirefoxDriver
Command: [0cb1d9f0-c29a-4884-be78-784d7279e52e, clickElement {id=84a8dd17-014e-4f58-abc7-69548b4ae75b}]
Capabilities {acceptInsecureCerts: true, browserName: firefox, browserVersion: 141.0, moz:accessibilityChecks: false, moz:buildID: 20250717180000, moz:geckodriverVersion: 0.36.0, moz:headless: false, moz:platformVersion: 10.0, moz:processID: 31084, moz:profile: C:\Users\RINTYK~1\AppData\L..., moz:shutdownTimeout: 60000, moz:webdriverClick: true, moz:windowless: false, pageLoadStrategy: normal, platformName: windows, proxy: Proxy(), setWindowRect: true, strictFileInteractability: false, timeouts: {implicit: 0, pageLoad: 300000, script: 30000}, unhandledPromptBehavior: dismiss and notify, userAgent: Mozilla/5.0 (Windows NT 10....}
Element: [[FirefoxDriver: firefox on windows (0cb1d9f0-c29a-4884-be78-784d7279e52e)] -> xpath: //button[text()='Sign In']]
Session ID: 0cb1d9f0-c29a-4884-be78-784d7279e52e
at org.openqa.selenium.remote.ErrorCodec.decode(ErrorCodec.java:167)
at org.openqa.selenium.remote.codec.w3c.W3CHttpResponseCodec.decode(W3CHttpResponseCodec.java:138)
at org.openqa.selenium.remote.codec.w3c.W3CHttpResponseCodec.decode(W3CHttpResponseCodec.java:50)
at org.openqa.selenium.remote.HttpCommandExecutor.execute(HttpCommandExecutor.java:215)
at org.openqa.selenium.remote.service.DriverCommandExecutor.invokeExecute(DriverCommandExecutor.java:216)
at org.openqa.selenium.remote.service.DriverCommandExecutor.execute(DriverCommandExecutor.java:174)
at org.openqa.selenium.remote.RemoteWebDriver.execute(RemoteWebDriver.java:544)
at org.openqa.selenium.remote.RemoteWebElement.execute(RemoteWebElement.java:223)
at org.openqa.selenium.remote.RemoteWebElement.click(RemoteWebElement.java:76)
at org.openqa.selenium.support.pagefactory.internal.LocatingElementHandler.invoke(LocatingElementHandler.java:51)
at jdk.proxy2/jdk.proxy2.$Proxy16.click(Unknown Source)
at elementRepository.LoginPage.login(LoginPage.java:33)
at testCases.UserPageTest.verifyUserNavigatesToAdminUserPage(UserPageTest.java:20)
at testCases.UserPageTest.verifySuccessMessageAfterDeletion(UserPageTest.java:65)
at java.base/java.util.concurrent.Executors$RunnableAdapter.call(Executors.java:572)
at java.base/java.util.concurrent.FutureTask.run(FutureTask.java:317)
at java.base/java.util.concurrent.ThreadPoolExecutor.runWorker(ThreadPoolExecutor.java:1144)
at java.base/java.util.concurrent.ThreadPoolExecutor$Worker.run(ThreadPoolExecutor.java:642)
at java.base/java.lang.Thread.run(Thread.java:1583)
... Removed 16 stack frames]]>
    </failure>
  </testcase> <!-- verifySuccessMessageAfterDeletion -->
  <testcase classname="testCases.UserPageTest" name="verifySuccessMessageAfterUpdation" time="5.572">
    <failure type="org.openqa.selenium.NoSuchElementException" message="Unable to locate element: //div[@class=&amp;apos;small-box bg-info&amp;apos;]//p[text()=&amp;apos;Admin Users&amp;apos;]
For documentation on this error, please visit: https://www.selenium.dev/documentation/webdriver/troubleshooting/errors#no-such-element-exception
Build info: version: &amp;apos;4.33.0&amp;apos;, revision: &amp;apos;2c6aaad03a&amp;apos;
System info: os.name: &amp;apos;Windows 11&amp;apos;, os.arch: &amp;apos;amd64&amp;apos;, os.version: &amp;apos;10.0&amp;apos;, java.version: &amp;apos;21.0.6&amp;apos;
Driver info: org.openqa.selenium.firefox.FirefoxDriver
Command: [0cb1d9f0-c29a-4884-be78-784d7279e52e, findElement {value=//div[@class=&amp;apos;small-box bg-info&amp;apos;]//p[text()=&amp;apos;Admin Users&amp;apos;], using=xpath}]
Capabilities {acceptInsecureCerts: true, browserName: firefox, browserVersion: 141.0, moz:accessibilityChecks: false, moz:buildID: 20250717180000, moz:geckodriverVersion: 0.36.0, moz:headless: false, moz:platformVersion: 10.0, moz:processID: 31084, moz:profile: C:\Users\RINTYK~1\AppData\L..., moz:shutdownTimeout: 60000, moz:webdriverClick: true, moz:windowless: false, pageLoadStrategy: normal, platformName: windows, proxy: Proxy(), setWindowRect: true, strictFileInteractability: false, timeouts: {implicit: 0, pageLoad: 300000, script: 30000}, unhandledPromptBehavior: dismiss and notify, userAgent: Mozilla/5.0 (Windows NT 10....}
Session ID: 0cb1d9f0-c29a-4884-be78-784d7279e52e">
      <![CDATA[org.openqa.selenium.NoSuchElementException: Unable to locate element: //div[@class='small-box bg-info']//p[text()='Admin Users']
For documentation on this error, please visit: https://www.selenium.dev/documentation/webdriver/troubleshooting/errors#no-such-element-exception
Build info: version: '4.33.0', revision: '2c6aaad03a'
System info: os.name: 'Windows 11', os.arch: 'amd64', os.version: '10.0', java.version: '21.0.6'
Driver info: org.openqa.selenium.firefox.FirefoxDriver
Command: [0cb1d9f0-c29a-4884-be78-784d7279e52e, findElement {value=//div[@class='small-box bg-info']//p[text()='Admin Users'], using=xpath}]
Capabilities {acceptInsecureCerts: true, browserName: firefox, browserVersion: 141.0, moz:accessibilityChecks: false, moz:buildID: 20250717180000, moz:geckodriverVersion: 0.36.0, moz:headless: false, moz:platformVersion: 10.0, moz:processID: 31084, moz:profile: C:\Users\RINTYK~1\AppData\L..., moz:shutdownTimeout: 60000, moz:webdriverClick: true, moz:windowless: false, pageLoadStrategy: normal, platformName: windows, proxy: Proxy(), setWindowRect: true, strictFileInteractability: false, timeouts: {implicit: 0, pageLoad: 300000, script: 30000}, unhandledPromptBehavior: dismiss and notify, userAgent: Mozilla/5.0 (Windows NT 10....}
Session ID: 0cb1d9f0-c29a-4884-be78-784d7279e52e
at org.openqa.selenium.remote.ErrorCodec.decode(ErrorCodec.java:167)
at org.openqa.selenium.remote.codec.w3c.W3CHttpResponseCodec.decode(W3CHttpResponseCodec.java:138)
at org.openqa.selenium.remote.codec.w3c.W3CHttpResponseCodec.decode(W3CHttpResponseCodec.java:50)
at org.openqa.selenium.remote.HttpCommandExecutor.execute(HttpCommandExecutor.java:215)
at org.openqa.selenium.remote.service.DriverCommandExecutor.invokeExecute(DriverCommandExecutor.java:216)
at org.openqa.selenium.remote.service.DriverCommandExecutor.execute(DriverCommandExecutor.java:174)
at org.openqa.selenium.remote.RemoteWebDriver.execute(RemoteWebDriver.java:544)
at org.openqa.selenium.remote.ElementLocation$ElementFinder$2.findElement(ElementLocation.java:165)
at org.openqa.selenium.remote.ElementLocation.findElement(ElementLocation.java:59)
at org.openqa.selenium.remote.RemoteWebDriver.findElement(RemoteWebDriver.java:367)
at org.openqa.selenium.remote.RemoteWebDriver.findElement(RemoteWebDriver.java:361)
at org.openqa.selenium.support.pagefactory.DefaultElementLocator.findElement(DefaultElementLocator.java:68)
at org.openqa.selenium.support.pagefactory.internal.LocatingElementHandler.invoke(LocatingElementHandler.java:38)
at jdk.proxy2/jdk.proxy2.$Proxy16.getText(Unknown Source)
at elementRepository.AdminPage.getAdminUser(AdminPage.java:39)
at testCases.UserPageTest.verifyUserNavigatesToAdminUserPage(UserPageTest.java:21)
at testCases.UserPageTest.verifySuccessMessageAfterUpdation(UserPageTest.java:55)
at java.base/java.util.concurrent.Executors$RunnableAdapter.call(Executors.java:572)
at java.base/java.util.concurrent.FutureTask.run(FutureTask.java:317)
at java.base/java.util.concurrent.ThreadPoolExecutor.runWorker(ThreadPoolExecutor.java:1144)
at java.base/java.util.concurrent.ThreadPoolExecutor$Worker.run(ThreadPoolExecutor.java:642)
at java.base/java.lang.Thread.run(Thread.java:1583)
... Removed 14 stack frames]]>
    </failure>
  </testcase> <!-- verifySuccessMessageAfterUpdation -->
  <testcase classname="testCases.UserPageTest" name="verifyUserAddedToList" time="0.001">
    <skipped/>
  </testcase> <!-- verifyUserAddedToList -->
  <testcase classname="testCases.UserPageTest" name="verifySuccessMessageWhileCreatingUser" time="0.0">
    <skipped/>
  </testcase> <!-- verifySuccessMessageWhileCreatingUser -->
  <testcase classname="testCases.UserPageTest" name="verifyUserNavigatesToAdminUserPage" time="0.0">
    <skipped/>
  </testcase> <!-- verifyUserNavigatesToAdminUserPage -->
</testsuite> <!-- firefoxTest -->
